[11-17 14:41:29]: [INFO] Created column 'regdate' and set the current timestamp, 1763379689877, to all 0 rows
[11-17 14:41:30]: [INFO] SQLite Setup finished
[11-17 14:41:30]: [INFO] Hooked into LuckPerms!
[11-17 14:41:31]: [WARN] WARNING! The protectInventory feature requires ProtocolLib! Disabling it...
[11-17 14:41:31]: [INFO] AuthMe 5.6.0 build n.CUSTOM successfully enabled!
[11-17 14:41:38]: [INFO] Downloading GEO IP database, because the old database is older than 30 days or doesn't exist
[11-17 14:41:38]: [WARN] No MaxMind credentials found in the configuration file! GeoIp protections will be disabled.
[11-17 14:41:38]: [INFO] There is no newer GEO IP database uploaded to MaxMind. Using the old one for now.
[11-17 14:41:38]: [WARN] Could not download GeoLiteAPI database [FileNotFoundException]: plugins\AuthMe\GeoLite2-Country.mmdb (Не удается найти указанный файл)
[11-17 14:41:38]: java.io.FileNotFoundException: plugins\AuthMe\GeoLite2-Country.mmdb (Не удается найти указанный файл)
	at java.base/java.io.RandomAccessFile.open0(Native Method)
	at java.base/java.io.RandomAccessFile.open(RandomAccessFile.java:344)
	at java.base/java.io.RandomAccessFile.<init>(RandomAccessFile.java:259)
	at java.base/java.io.RandomAccessFile.<init>(RandomAccessFile.java:213)
	at fr.xephi.authme.libs.com.maxmind.db.BufferHolder.<init>(BufferHolder.java:20)
	at fr.xephi.authme.libs.com.maxmind.db.Reader.<init>(Reader.java:121)
	at fr.xephi.authme.service.GeoIpService.startReading(GeoIpService.java:179)
	at fr.xephi.authme.service.GeoIpService.updateDatabase(GeoIpService.java:150)
	at TRANSFORMER/forge@47.4.9/org.bukkit.craftbukkit.v1_20_R1.scheduler.CraftTask.run(CraftTask.java:78)
	at TRANSFORMER/forge@47.4.9/org.bukkit.craftbukkit.v1_20_R1.scheduler.CraftAsyncTask.run(CraftAsyncTask.java:55)
	at java.base/java.util.concurrent.ThreadPoolExecutor.runWorker(ThreadPoolExecutor.java:1136)
	at java.base/java.util.concurrent.ThreadPoolExecutor$Worker.run(ThreadPoolExecutor.java:635)
	at java.base/java.lang.Thread.run(Thread.java:842)

[11-17 15:02:37]: [INFO] SQLite Setup finished
[11-17 15:02:37]: [INFO] Hooked into LuckPerms!
[11-17 15:02:38]: [INFO] AuthMe 5.6.0 build n.CUSTOM successfully enabled!
[11-17 15:02:44]: [INFO] Downloading GEO IP database, because the old database is older than 30 days or doesn't exist
[11-17 15:02:44]: [WARN] No MaxMind credentials found in the configuration file! GeoIp protections will be disabled.
[11-17 15:02:44]: [INFO] There is no newer GEO IP database uploaded to MaxMind. Using the old one for now.
[11-17 15:02:44]: [WARN] Could not download GeoLiteAPI database [FileNotFoundException]: plugins\AuthMe\GeoLite2-Country.mmdb (Не удается найти указанный файл)
[11-17 15:02:44]: java.io.FileNotFoundException: plugins\AuthMe\GeoLite2-Country.mmdb (Не удается найти указанный файл)
	at java.base/java.io.RandomAccessFile.open0(Native Method)
	at java.base/java.io.RandomAccessFile.open(RandomAccessFile.java:344)
	at java.base/java.io.RandomAccessFile.<init>(RandomAccessFile.java:259)
	at java.base/java.io.RandomAccessFile.<init>(RandomAccessFile.java:213)
	at fr.xephi.authme.libs.com.maxmind.db.BufferHolder.<init>(BufferHolder.java:20)
	at fr.xephi.authme.libs.com.maxmind.db.Reader.<init>(Reader.java:121)
	at fr.xephi.authme.service.GeoIpService.startReading(GeoIpService.java:179)
	at fr.xephi.authme.service.GeoIpService.updateDatabase(GeoIpService.java:150)
	at TRANSFORMER/forge@47.4.9/org.bukkit.craftbukkit.v1_20_R1.scheduler.CraftTask.run(CraftTask.java:78)
	at TRANSFORMER/forge@47.4.9/org.bukkit.craftbukkit.v1_20_R1.scheduler.CraftAsyncTask.run(CraftAsyncTask.java:55)
	at java.base/java.util.concurrent.ThreadPoolExecutor.runWorker(ThreadPoolExecutor.java:1136)
	at java.base/java.util.concurrent.ThreadPoolExecutor$Worker.run(ThreadPoolExecutor.java:635)
	at java.base/java.lang.Thread.run(Thread.java:842)

[11-17 15:25:08]: [INFO] SQLite Setup finished
[11-17 15:25:09]: [INFO] Hooked into LuckPerms!
[11-17 15:25:10]: [INFO] AuthMe 5.6.0 build n.CUSTOM successfully enabled!
[11-17 15:25:14]: [INFO] Downloading GEO IP database, because the old database is older than 30 days or doesn't exist
[11-17 15:25:14]: [WARN] No MaxMind credentials found in the configuration file! GeoIp protections will be disabled.
[11-17 15:25:14]: [INFO] There is no newer GEO IP database uploaded to MaxMind. Using the old one for now.
[11-17 15:25:14]: [WARN] Could not download GeoLiteAPI database [FileNotFoundException]: plugins\AuthMe\GeoLite2-Country.mmdb (Не удается найти указанный файл)
[11-17 15:25:14]: java.io.FileNotFoundException: plugins\AuthMe\GeoLite2-Country.mmdb (Не удается найти указанный файл)
	at java.base/java.io.RandomAccessFile.open0(Native Method)
	at java.base/java.io.RandomAccessFile.open(RandomAccessFile.java:344)
	at java.base/java.io.RandomAccessFile.<init>(RandomAccessFile.java:259)
	at java.base/java.io.RandomAccessFile.<init>(RandomAccessFile.java:213)
	at fr.xephi.authme.libs.com.maxmind.db.BufferHolder.<init>(BufferHolder.java:20)
	at fr.xephi.authme.libs.com.maxmind.db.Reader.<init>(Reader.java:121)
	at fr.xephi.authme.service.GeoIpService.startReading(GeoIpService.java:179)
	at fr.xephi.authme.service.GeoIpService.updateDatabase(GeoIpService.java:150)
	at TRANSFORMER/forge@47.4.9/org.bukkit.craftbukkit.v1_20_R1.scheduler.CraftTask.run(CraftTask.java:78)
	at TRANSFORMER/forge@47.4.9/org.bukkit.craftbukkit.v1_20_R1.scheduler.CraftAsyncTask.run(CraftAsyncTask.java:55)
	at java.base/java.util.concurrent.ThreadPoolExecutor.runWorker(ThreadPoolExecutor.java:1136)
	at java.base/java.util.concurrent.ThreadPoolExecutor$Worker.run(ThreadPoolExecutor.java:635)
	at java.base/java.lang.Thread.run(Thread.java:842)

[11-17 15:52:52]: [INFO] SQLite Setup finished
[11-17 15:52:52]: [INFO] Hooked into LuckPerms!
[11-17 15:52:53]: [INFO] AuthMe 5.6.0 build n.CUSTOM successfully enabled!
[11-17 15:53:01]: [INFO] Downloading GEO IP database, because the old database is older than 30 days or doesn't exist
[11-17 15:53:01]: [WARN] No MaxMind credentials found in the configuration file! GeoIp protections will be disabled.
[11-17 15:53:01]: [INFO] There is no newer GEO IP database uploaded to MaxMind. Using the old one for now.
[11-17 15:53:01]: [WARN] Could not download GeoLiteAPI database [FileNotFoundException]: plugins\AuthMe\GeoLite2-Country.mmdb (Не удается найти указанный файл)
[11-17 15:53:01]: java.io.FileNotFoundException: plugins\AuthMe\GeoLite2-Country.mmdb (Не удается найти указанный файл)
	at java.base/java.io.RandomAccessFile.open0(Native Method)
	at java.base/java.io.RandomAccessFile.open(RandomAccessFile.java:344)
	at java.base/java.io.RandomAccessFile.<init>(RandomAccessFile.java:259)
	at java.base/java.io.RandomAccessFile.<init>(RandomAccessFile.java:213)
	at fr.xephi.authme.libs.com.maxmind.db.BufferHolder.<init>(BufferHolder.java:20)
	at fr.xephi.authme.libs.com.maxmind.db.Reader.<init>(Reader.java:121)
	at fr.xephi.authme.service.GeoIpService.startReading(GeoIpService.java:179)
	at fr.xephi.authme.service.GeoIpService.updateDatabase(GeoIpService.java:150)
	at TRANSFORMER/forge@47.4.9/org.bukkit.craftbukkit.v1_20_R1.scheduler.CraftTask.run(CraftTask.java:78)
	at TRANSFORMER/forge@47.4.9/org.bukkit.craftbukkit.v1_20_R1.scheduler.CraftAsyncTask.run(CraftAsyncTask.java:55)
	at java.base/java.util.concurrent.ThreadPoolExecutor.runWorker(ThreadPoolExecutor.java:1136)
	at java.base/java.util.concurrent.ThreadPoolExecutor$Worker.run(ThreadPoolExecutor.java:635)
	at java.base/java.lang.Thread.run(Thread.java:842)

[11-17 16:12:41]: [FINE] Golub4ik registered 192.168.0.187
[11-17 16:12:41]: [FINE] Golub4ik logged in 192.168.0.187
[11-17 16:26:34]: [INFO] SQLite Setup finished
[11-17 16:26:34]: [INFO] Hooked into LuckPerms!
[11-17 16:26:35]: [INFO] AuthMe 5.6.0 build n.CUSTOM successfully enabled!
[11-17 16:26:57]: [INFO] Downloading GEO IP database, because the old database is older than 30 days or doesn't exist
[11-17 16:26:57]: [WARN] No MaxMind credentials found in the configuration file! GeoIp protections will be disabled.
[11-17 16:26:57]: [INFO] There is no newer GEO IP database uploaded to MaxMind. Using the old one for now.
[11-17 16:26:57]: [WARN] Could not download GeoLiteAPI database [FileNotFoundException]: plugins\AuthMe\GeoLite2-Country.mmdb (Не удается найти указанный файл)
[11-17 16:26:57]: java.io.FileNotFoundException: plugins\AuthMe\GeoLite2-Country.mmdb (Не удается найти указанный файл)
	at java.base/java.io.RandomAccessFile.open0(Native Method)
	at java.base/java.io.RandomAccessFile.open(RandomAccessFile.java:356)
	at java.base/java.io.RandomAccessFile.<init>(RandomAccessFile.java:273)
	at java.base/java.io.RandomAccessFile.<init>(RandomAccessFile.java:223)
	at fr.xephi.authme.libs.com.maxmind.db.BufferHolder.<init>(BufferHolder.java:20)
	at fr.xephi.authme.libs.com.maxmind.db.Reader.<init>(Reader.java:121)
	at fr.xephi.authme.service.GeoIpService.startReading(GeoIpService.java:179)
	at fr.xephi.authme.service.GeoIpService.updateDatabase(GeoIpService.java:150)
	at TRANSFORMER/forge@47.4.9/org.bukkit.craftbukkit.v1_20_R1.scheduler.CraftTask.run(CraftTask.java:78)
	at TRANSFORMER/forge@47.4.9/org.bukkit.craftbukkit.v1_20_R1.scheduler.CraftAsyncTask.run(CraftAsyncTask.java:55)
	at java.base/java.util.concurrent.ThreadPoolExecutor.runWorker(ThreadPoolExecutor.java:1144)
	at java.base/java.util.concurrent.ThreadPoolExecutor$Worker.run(ThreadPoolExecutor.java:642)
	at java.base/java.lang.Thread.run(Thread.java:1583)

[11-17 16:30:36]: [FINE] Golub4ik logged in 192.168.0.187
[11-17 16:49:43]: [INFO] AuthMe 5.6.0-bCUSTOM disabled!
[11-17 17:05:22]: [INFO] SQLite Setup finished
[11-17 17:05:22]: [INFO] Hooked into LuckPerms!
[11-17 17:05:23]: [INFO] AuthMe 5.6.0 build n.CUSTOM successfully enabled!
[11-17 17:05:36]: [INFO] Downloading GEO IP database, because the old database is older than 30 days or doesn't exist
[11-17 17:05:36]: [WARN] No MaxMind credentials found in the configuration file! GeoIp protections will be disabled.
[11-17 17:05:36]: [INFO] There is no newer GEO IP database uploaded to MaxMind. Using the old one for now.
[11-17 17:05:36]: [WARN] Could not download GeoLiteAPI database [FileNotFoundException]: plugins\AuthMe\GeoLite2-Country.mmdb (Не удается найти указанный файл)
[11-17 17:05:36]: java.io.FileNotFoundException: plugins\AuthMe\GeoLite2-Country.mmdb (Не удается найти указанный файл)
	at java.base/java.io.RandomAccessFile.open0(Native Method)
	at java.base/java.io.RandomAccessFile.open(RandomAccessFile.java:356)
	at java.base/java.io.RandomAccessFile.<init>(RandomAccessFile.java:273)
	at java.base/java.io.RandomAccessFile.<init>(RandomAccessFile.java:223)
	at fr.xephi.authme.libs.com.maxmind.db.BufferHolder.<init>(BufferHolder.java:20)
	at fr.xephi.authme.libs.com.maxmind.db.Reader.<init>(Reader.java:121)
	at fr.xephi.authme.service.GeoIpService.startReading(GeoIpService.java:179)
	at fr.xephi.authme.service.GeoIpService.updateDatabase(GeoIpService.java:150)
	at TRANSFORMER/forge@47.4.9/org.bukkit.craftbukkit.v1_20_R1.scheduler.CraftTask.run(CraftTask.java:78)
	at TRANSFORMER/forge@47.4.9/org.bukkit.craftbukkit.v1_20_R1.scheduler.CraftAsyncTask.run(CraftAsyncTask.java:55)
	at java.base/java.util.concurrent.ThreadPoolExecutor.runWorker(ThreadPoolExecutor.java:1144)
	at java.base/java.util.concurrent.ThreadPoolExecutor$Worker.run(ThreadPoolExecutor.java:642)
	at java.base/java.lang.Thread.run(Thread.java:1583)

[11-17 17:11:26]: [INFO] AuthMe 5.6.0-bCUSTOM disabled!
[11-17 17:15:13]: [INFO] SQLite Setup finished
[11-17 17:15:14]: [INFO] Hooked into LuckPerms!
[11-17 17:15:15]: [INFO] AuthMe 5.6.0 build n.CUSTOM successfully enabled!
[11-17 17:15:28]: [INFO] Downloading GEO IP database, because the old database is older than 30 days or doesn't exist
[11-17 17:15:28]: [WARN] No MaxMind credentials found in the configuration file! GeoIp protections will be disabled.
[11-17 17:15:28]: [INFO] There is no newer GEO IP database uploaded to MaxMind. Using the old one for now.
[11-17 17:15:28]: [WARN] Could not download GeoLiteAPI database [FileNotFoundException]: plugins\AuthMe\GeoLite2-Country.mmdb (Не удается найти указанный файл)
[11-17 17:15:28]: java.io.FileNotFoundException: plugins\AuthMe\GeoLite2-Country.mmdb (Не удается найти указанный файл)
	at java.base/java.io.RandomAccessFile.open0(Native Method)
	at java.base/java.io.RandomAccessFile.open(RandomAccessFile.java:356)
	at java.base/java.io.RandomAccessFile.<init>(RandomAccessFile.java:273)
	at java.base/java.io.RandomAccessFile.<init>(RandomAccessFile.java:223)
	at fr.xephi.authme.libs.com.maxmind.db.BufferHolder.<init>(BufferHolder.java:20)
	at fr.xephi.authme.libs.com.maxmind.db.Reader.<init>(Reader.java:121)
	at fr.xephi.authme.service.GeoIpService.startReading(GeoIpService.java:179)
	at fr.xephi.authme.service.GeoIpService.updateDatabase(GeoIpService.java:150)
	at TRANSFORMER/forge@47.4.9/org.bukkit.craftbukkit.v1_20_R1.scheduler.CraftTask.run(CraftTask.java:78)
	at TRANSFORMER/forge@47.4.9/org.bukkit.craftbukkit.v1_20_R1.scheduler.CraftAsyncTask.run(CraftAsyncTask.java:55)
	at java.base/java.util.concurrent.ThreadPoolExecutor.runWorker(ThreadPoolExecutor.java:1144)
	at java.base/java.util.concurrent.ThreadPoolExecutor$Worker.run(ThreadPoolExecutor.java:642)
	at java.base/java.lang.Thread.run(Thread.java:1583)

